<?xml version="1.0" encoding="UTF-8"?>
<!-- Generated by org.testng.reporters.JUnitReportReporter -->
<testsuite hostname="Harika" failures="0" tests="3" name="com.Mavenpackage1.Mavenclass2" time="0.016" errors="0" timestamp="2022-10-06T13:15:14 CDT" skipped="0">
  <testcase classname="com.Mavenpackage1.Mavenclass2" name="test6" time="0.001"/>
  <system-out/>
  <testcase classname="com.Mavenpackage1.Mavenclass2" name="test5" time="0.013"/>
  <system-out/>
  <testcase classname="com.Mavenpackage1.Mavenclass2" name="test7" time="0.002"/>
  <system-out/>
</testsuite> <!-- com.Mavenpackage1.Mavenclass2 -->
