<?xml version="1.0" encoding="UTF-8"?>
<!-- Generated by org.testng.reporters.JUnitReportReporter -->
<testsuite hostname="Harika" failures="0" tests="2" name="com.Mavenpackage1.Mavenclass3" time="0.004" errors="0" timestamp="2022-10-06T13:15:14 CDT" skipped="0">
  <testcase classname="com.Mavenpackage1.Mavenclass3" name="test7" time="0.002"/>
  <system-out/>
  <testcase classname="com.Mavenpackage1.Mavenclass3" name="test8" time="0.002"/>
  <system-out/>
</testsuite> <!-- com.Mavenpackage1.Mavenclass3 -->
