<?xml version="1.0" encoding="UTF-8"?>
<!-- Generated by org.testng.reporters.JUnitReportReporter -->
<testsuite hostname="Harika" failures="0" tests="4" name="com.Mavenpackage1.Mavenclass1" time="0.006" errors="0" timestamp="2022-10-06T13:15:14 CDT" skipped="0">
  <testcase classname="com.Mavenpackage1.Mavenclass1" name="test1" time="0.001"/>
  <system-out/>
  <testcase classname="com.Mavenpackage1.Mavenclass1" name="test3" time="0.002"/>
  <system-out/>
  <testcase classname="com.Mavenpackage1.Mavenclass1" name="test2" time="0.001"/>
  <system-out/>
  <testcase classname="com.Mavenpackage1.Mavenclass1" name="test4" time="0.002"/>
  <system-out/>
</testsuite> <!-- com.Mavenpackage1.Mavenclass1 -->
