<?xml version="1.0" encoding="UTF-8"?>
<!-- Generated by org.testng.reporters.JUnitReportReporter -->
<testsuite hostname="Harika" failures="0" tests="2" name="com.MavenCheckPkg.MavenTestngclass" time="0.025" errors="0" timestamp="2022-10-12T15:01:52 CDT" skipped="0">
  <testcase classname="com.MavenCheckPkg.MavenTestngclass" name="test2" time="0.003"/>
  <system-out/>
  <testcase classname="com.MavenCheckPkg.MavenTestngclass" name="test1" time="0.022"/>
  <system-out/>
</testsuite> <!-- com.MavenCheckPkg.MavenTestngclass -->
